Log file open, 09/19/20 15:12:34
LogInit: Display: Running engine for game: CoopShooter
LogPlatformFile: Not using cached read wrapper
LogTaskGraph: Started task graph with 5 named threads and 23 total threads with 3 sets of task threads.
LogStats: Stats thread started at 1.855090
LogD3D11RHI: Loaded GFSDK_Aftermath_Lib.x64.dll
LogICUInternationalization: ICU TimeZone Detection - Raw Offset: +0:00, Platform Override: ''
LogPluginManager: Mounting plugin Paper2D
LogPluginManager: Mounting plugin AISupport
LogPluginManager: Mounting plugin LightPropagationVolume
LogPluginManager: Mounting plugin CameraShakePreviewer
LogPluginManager: Mounting plugin ActorLayerUtilities
LogPluginManager: Mounting plugin AnimationSharing
LogPluginManager: Mounting plugin CLionSourceCodeAccess
LogPluginManager: Mounting plugin CodeLiteSourceCodeAccess
LogPluginManager: Mounting plugin GitSourceControl
LogPluginManager: Mounting plugin KDevelopSourceCodeAccess
LogPluginManager: Mounting plugin NullSourceCodeAccess
LogPluginManager: Mounting plugin PerforceSourceControl
LogPluginManager: Mounting plugin PlasticSourceControl
LogPluginManager: Mounting plugin RiderSourceCodeAccess
LogPluginManager: Mounting plugin SubversionSourceControl
LogPluginManager: Mounting plugin UObjectPlugin
LogPluginManager: Mounting plugin VisualStudioCodeSourceCodeAccess
LogPluginManager: Mounting plugin VisualStudioSourceCodeAccess
LogPluginManager: Mounting plugin XCodeSourceCodeAccess
LogPluginManager: Mounting plugin AssetManagerEditor
LogPluginManager: Mounting plugin CryptoKeys
LogPluginManager: Mounting plugin CurveEditorTools
LogPluginManager: Mounting plugin DataValidation
LogPluginManager: Mounting plugin EditorScriptingUtilities
LogPluginManager: Mounting plugin FacialAnimation
LogPluginManager: Mounting plugin GameplayTagsEditor
LogPluginManager: Mounting plugin GeometryMode
LogPluginManager: Mounting plugin MacGraphicsSwitching
LogPluginManager: Mounting plugin MaterialAnalyzer
LogPluginManager: Mounting plugin MobileLauncherProfileWizard
LogPluginManager: Mounting plugin PluginBrowser
LogPluginManager: Mounting plugin SpeedTreeImporter
LogPluginManager: Mounting plugin DatasmithContent
LogPluginManager: Mounting plugin VariantManagerContent
LogPluginManager: Mounting plugin AlembicImporter
LogPluginManager: Mounting plugin AutomationUtils
LogPluginManager: Mounting plugin BackChannel
LogPluginManager: Mounting plugin ChaosCloth
LogPluginManager: Mounting plugin ChaosClothEditor
LogPluginManager: Mounting plugin ChaosEditor
LogPluginManager: Mounting plugin ChaosNiagara
LogPluginManager: Mounting plugin ChaosSolverPlugin
LogPluginManager: Mounting plugin CharacterAI
LogPluginManager: Mounting plugin GeometryCache
LogPluginManager: Mounting plugin GeometryCollectionPlugin
LogPluginManager: Mounting plugin GeometryProcessing
LogPluginManager: Mounting plugin PlanarCut
LogPluginManager: Mounting plugin PlatformCrypto
LogPluginManager: Mounting plugin ProxyLODPlugin
LogPluginManager: Mounting plugin SkeletalReduction
LogPluginManager: Mounting plugin Niagara
LogPluginManager: Mounting plugin MagicLeap
LogPluginManager: Mounting plugin MagicLeapLightEstimation
LogPluginManager: Mounting plugin MagicLeapMedia
LogPluginManager: Mounting plugin MagicLeapPassableWorld
LogPluginManager: Mounting plugin MLSDK
LogPluginManager: Mounting plugin AndroidMedia
LogPluginManager: Mounting plugin AvfMedia
LogPluginManager: Mounting plugin ImgMedia
LogPluginManager: Mounting plugin MediaCompositing
LogPluginManager: Mounting plugin MediaPlayerEditor
LogPluginManager: Mounting plugin WebMMedia
LogPluginManager: Mounting plugin WmfMedia
LogPluginManager: Mounting plugin MeshPainting
LogPluginManager: Mounting plugin TcpMessaging
LogPluginManager: Mounting plugin UdpMessaging
LogPluginManager: Mounting plugin ActorSequence
LogPluginManager: Mounting plugin LevelSequenceEditor
LogPluginManager: Mounting plugin MatineeToLevelSequence
LogPluginManager: Mounting plugin MovieRenderPipeline
LogPluginManager: Mounting plugin TemplateSequence
LogPluginManager: Mounting plugin NetcodeUnitTest
LogPluginManager: Mounting plugin NUTUnrealEngine4
LogPluginManager: Mounting plugin OnlineSubsystemGooglePlay
LogPluginManager: Mounting plugin OnlineSubsystemIOS
LogPluginManager: Mounting plugin OnlineSubsystem
LogPluginManager: Mounting plugin OnlineSubsystemNull
LogPluginManager: Mounting plugin OnlineSubsystemUtils
LogPluginManager: Mounting plugin LauncherChunkInstaller
LogPluginManager: Mounting plugin AndroidDeviceProfileSelector
LogPluginManager: Mounting plugin AndroidMoviePlayer
LogPluginManager: Mounting plugin AndroidPermission
LogPluginManager: Mounting plugin AppleImageUtils
LogPluginManager: Mounting plugin AppleMoviePlayer
LogPluginManager: Mounting plugin ArchVisCharacter
LogPluginManager: Mounting plugin AssetTags
LogPluginManager: Mounting plugin AudioCapture
LogPluginManager: Mounting plugin CableComponent
LogPluginManager: Mounting plugin CustomMeshComponent
LogPluginManager: Mounting plugin EditableMesh
LogPluginManager: Mounting plugin ExampleDeviceProfileSelector
LogPluginManager: Mounting plugin GoogleCloudMessaging
LogPluginManager: Mounting plugin GooglePAD
LogPluginManager: Mounting plugin IOSDeviceProfileSelector
LogPluginManager: Mounting plugin LinuxDeviceProfileSelector
LogPluginManager: Mounting plugin LocationServicesBPLibrary
LogPluginManager: Mounting plugin MobilePatchingUtils
LogPluginManager: Mounting plugin OculusVR
LogPluginManager: Mounting plugin PhysXVehicles
LogPluginManager: Mounting plugin PostSplashScreen
LogPluginManager: Mounting plugin ProceduralMeshComponent
LogPluginManager: Mounting plugin RuntimePhysXCooking
LogPluginManager: Mounting plugin SignificanceManager
LogPluginManager: Mounting plugin SoundFields
LogPluginManager: Mounting plugin SteamVR
LogPluginManager: Mounting plugin Synthesis
LogPluginManager: Mounting plugin WebMMoviePlayer
LogPluginManager: Mounting plugin WindowsMoviePlayer
LogPluginManager: Mounting plugin ScreenshotTools
LogInit: Using libcurl 7.55.1-DEV
LogInit:  - built for x86_64-pc-win32
LogInit:  - supports SSL with OpenSSL/1.1.1
LogInit:  - supports HTTP deflate (compression) using libz 1.2.8
LogInit:  - other features:
LogInit:      CURL_VERSION_SSL
LogInit:      CURL_VERSION_LIBZ
LogInit:      CURL_VERSION_IPV6
LogInit:      CURL_VERSION_ASYNCHDNS
LogInit:      CURL_VERSION_LARGEFILE
LogInit:      CURL_VERSION_IDN
LogInit:  CurlRequestOptions (configurable via config and command line):
LogInit:  - bVerifyPeer = false  - Libcurl will NOT verify peer certificate
LogInit:  - bUseHttpProxy = false  - Libcurl will NOT use HTTP proxy
LogInit:  - bDontReuseConnections = false  - Libcurl will reuse connections
LogInit:  - MaxHostConnections = 16  - Libcurl will limit the number of connections to a host
LogInit:  - LocalHostAddr = Default
LogInit:  - BufferSize = 65536
LogOnline: OSS: Creating online subsystem instance for: NULL
LogInit: WinSock: version 1.1 (2.2), MaxSocks=32767, MaxUdp=65467
LogOnline: OSS: TryLoadSubsystemAndSetDefault: Loaded subsystem for module [NULL]
LogInit: Build: ++UE4+Release-4.25-CL-13594126
LogInit: Engine Version: 4.25.1-13594126+++UE4+Release-4.25
LogInit: Compatible Engine Version: 4.25.0-13144385+++UE4+Release-4.25
LogInit: Net CL: 13144385
LogInit: OS: Windows 10 (Release 1909) (), CPU: Intel(R) Core(TM) i7-7700HQ CPU @ 2.80GHz, GPU: Intel(R) HD Graphics 630
LogInit: Compiled (64-bit): Jun  2 2020 02:10:36
LogInit: Compiled with Visual C++: 19.24.28315.00
LogInit: Build Configuration: Development
LogInit: Branch Name: ++UE4+Release-4.25
LogInit: Command Line: -log -game
LogInit: Base Directory: D:/Program Files/Epic Games/UE_4.25/Engine/Binaries/Win64/
LogInit: Allocator: TBB
LogInit: Installed Engine Build: 1
LogDevObjectVersion: Number of dev versions registered: 26
LogDevObjectVersion:   Dev-Blueprints (B0D832E4-1F89-4F0D-ACCF-7EB736FD4AA2): 10
LogDevObjectVersion:   Dev-Build (E1C64328-A22C-4D53-A36C-8E866417BD8C): 0
LogDevObjectVersion:   Dev-Core (375EC13C-06E4-48FB-B500-84F0262A717E): 4
LogDevObjectVersion:   Dev-Editor (E4B068ED-F494-42E9-A231-DA0B2E46BB41): 38
LogDevObjectVersion:   Dev-Framework (CFFC743F-43B0-4480-9391-14DF171D2073): 37
LogDevObjectVersion:   Dev-Mobile (B02B49B5-BB20-44E9-A304-32B752E40360): 2
LogDevObjectVersion:   Dev-Networking (A4E4105C-59A1-49B5-A7C5-40C4547EDFEE): 0
LogDevObjectVersion:   Dev-Online (39C831C9-5AE6-47DC-9A44-9C173E1C8E7C): 0
LogDevObjectVersion:   Dev-Physics (78F01B33-EBEA-4F98-B9B4-84EACCB95AA2): 4
LogDevObjectVersion:   Dev-Platform (6631380F-2D4D-43E0-8009-CF276956A95A): 0
LogDevObjectVersion:   Dev-Rendering (12F88B9F-8875-4AFC-A67C-D90C383ABD29): 43
LogDevObjectVersion:   Dev-Sequencer (7B5AE74C-D270-4C10-A958-57980B212A5A): 12
LogDevObjectVersion:   Dev-VR (D7296918-1DD6-4BDD-9DE2-64A83CC13884): 3
LogDevObjectVersion:   Dev-LoadTimes (C2A15278-BFE7-4AFE-6C17-90FF531DF755): 1
LogDevObjectVersion:   Private-Geometry (6EACA3D4-40EC-4CC1-B786-8BED09428FC5): 3
LogDevObjectVersion:   Dev-AnimPhys (29E575DD-E0A3-4627-9D10-D276232CDCEA): 17
LogDevObjectVersion:   Dev-Anim (AF43A65D-7FD3-4947-9873-3E8ED9C1BB05): 7
LogDevObjectVersion:   Dev-ReflectionCapture (6B266CEC-1EC7-4B8F-A30B-E4D90942FC07): 1
LogDevObjectVersion:   Dev-Automation (0DF73D61-A23F-47EA-B727-89E90C41499A): 1
LogDevObjectVersion:   FortniteMain (601D1886-AC64-4F84-AA16-D3DE0DEAC7D6): 31
LogDevObjectVersion:   Dev-Enterprise (9DFFBCD6-494F-0158-E221-12823C92A888): 10
LogDevObjectVersion:   Dev-Niagara (F2AED0AC-9AFE-416F-8664-AA7FFA26D6FC): 1
LogDevObjectVersion:   Dev-Destruction (174F1F0B-B4C6-45A5-B13F-2EE8D0FB917D): 10
LogDevObjectVersion:   Dev-Physics-Ext (35F94A83-E258-406C-A318-09F59610247C): 37
LogDevObjectVersion:   Dev-PhysicsMaterial-Chaos (B68FC16E-8B1B-42E2-B453-215C058844FE): 1
LogDevObjectVersion:   Dev-CineCamera (B2E18506-4273-CFC2-A54E-F4BB758BBA07): 1
LogInit: Presizing for max 25165824 objects, including 0 objects not considered by GC, pre-allocating 0 bytes for permanent pool.
LogConfig: Applying CVar settings from Section [/Script/Engine.StreamingSettings] File [D:/DW/Documents/GitHub/Coop-Multiplayer-Shooter/CoopShooter/Saved/Config/Windows/Engine.ini]
LogConfig: Setting CVar [[s.MinBulkDataSizeForAsyncLoading:131072]]
LogConfig: Setting CVar [[s.AsyncLoadingThreadEnabled:0]]
LogConfig: Setting CVar [[s.EventDrivenLoaderEnabled:1]]
LogConfig: Setting CVar [[s.WarnIfTimeLimitExceeded:0]]
LogConfig: Setting CVar [[s.TimeLimitExceededMultiplier:1.5]]
LogConfig: Setting CVar [[s.TimeLimitExceededMinTime:0.005]]
LogConfig: Setting CVar [[s.UseBackgroundLevelStreaming:1]]
LogConfig: Setting CVar [[s.PriorityAsyncLoadingExtraTime:15.0]]
LogConfig: Setting CVar [[s.LevelStreamingActorsUpdateTimeLimit:5.0]]
LogConfig: Setting CVar [[s.PriorityLevelStreamingActorsUpdateExtraTime:5.0]]
LogConfig: Setting CVar [[s.LevelStreamingComponentsRegistrationGranularity:10]]
LogConfig: Setting CVar [[s.UnregisterComponentsTimeLimit:1.0]]
LogConfig: Setting CVar [[s.LevelStreamingComponentsUnregistrationGranularity:5]]
LogConfig: Setting CVar [[s.FlushStreamingOnExit:1]]
LogInit: Object subsystem initialized
LogConfig: Setting CVar [[con.DebugEarlyDefault:1]]
LogConfig: Setting CVar [[r.setres:1280x720]]
[2020.09.19-14.12.35:471][  0]LogConfig: Setting CVar [[con.DebugEarlyDefault:1]]
[2020.09.19-14.12.35:474][  0]LogConfig: Setting CVar [[r.setres:1280x720]]
[2020.09.19-14.12.35:475][  0]LogConfig: Applying CVar settings from Section [/Script/Engine.RendererSettings] File [D:/DW/Documents/GitHub/Coop-Multiplayer-Shooter/CoopShooter/Saved/Config/Windows/Engine.ini]
[2020.09.19-14.12.35:476][  0]LogConfig: Setting CVar [[r.GPUCrashDebugging:0]]
[2020.09.19-14.12.35:477][  0]LogConfig: Applying CVar settings from Section [/Script/Engine.RendererOverrideSettings] File [D:/DW/Documents/GitHub/Coop-Multiplayer-Shooter/CoopShooter/Saved/Config/Windows/Engine.ini]
[2020.09.19-14.12.35:478][  0]LogConfig: Applying CVar settings from Section [/Script/Engine.StreamingSettings] File [D:/DW/Documents/GitHub/Coop-Multiplayer-Shooter/CoopShooter/Saved/Config/Windows/Engine.ini]
[2020.09.19-14.12.35:479][  0]LogConfig: Setting CVar [[s.MinBulkDataSizeForAsyncLoading:131072]]
[2020.09.19-14.12.35:480][  0]LogConfig: Setting CVar [[s.AsyncLoadingThreadEnabled:0]]
[2020.09.19-14.12.35:482][  0]LogConfig: Setting CVar [[s.EventDrivenLoaderEnabled:1]]
[2020.09.19-14.12.35:483][  0]LogConfig: Setting CVar [[s.WarnIfTimeLimitExceeded:0]]
[2020.09.19-14.12.35:484][  0]LogConfig: Setting CVar [[s.TimeLimitExceededMultiplier:1.5]]
[2020.09.19-14.12.35:485][  0]LogConfig: Setting CVar [[s.TimeLimitExceededMinTime:0.005]]
[2020.09.19-14.12.35:487][  0]LogConfig: Setting CVar [[s.UseBackgroundLevelStreaming:1]]
[2020.09.19-14.12.35:489][  0]LogConfig: Setting CVar [[s.PriorityAsyncLoadingExtraTime:15.0]]
[2020.09.19-14.12.35:490][  0]LogConfig: Setting CVar [[s.LevelStreamingActorsUpdateTimeLimit:5.0]]
[2020.09.19-14.12.35:491][  0]LogConfig: Setting CVar [[s.PriorityLevelStreamingActorsUpdateExtraTime:5.0]]
[2020.09.19-14.12.35:492][  0]LogConfig: Setting CVar [[s.LevelStreamingComponentsRegistrationGranularity:10]]
[2020.09.19-14.12.35:494][  0]LogConfig: Setting CVar [[s.UnregisterComponentsTimeLimit:1.0]]
[2020.09.19-14.12.35:495][  0]LogConfig: Setting CVar [[s.LevelStreamingComponentsUnregistrationGranularity:5]]
[2020.09.19-14.12.35:497][  0]LogConfig: Setting CVar [[s.FlushStreamingOnExit:1]]
[2020.09.19-14.12.35:499][  0]LogConfig: Applying CVar settings from Section [/Script/Engine.GarbageCollectionSettings] File [D:/DW/Documents/GitHub/Coop-Multiplayer-Shooter/CoopShooter/Saved/Config/Windows/Engine.ini]
[2020.09.19-14.12.35:499][  0]LogConfig: Setting CVar [[gc.MaxObjectsNotConsideredByGC:1]]
[2020.09.19-14.12.35:500][  0]LogConfig: Setting CVar [[gc.SizeOfPermanentObjectPool:0]]
[2020.09.19-14.12.35:501][  0]LogConfig: Setting CVar [[gc.FlushStreamingOnGC:0]]
[2020.09.19-14.12.35:502][  0]LogConfig: Setting CVar [[gc.NumRetriesBeforeForcingGC:10]]
[2020.09.19-14.12.35:507][  0]LogConfig: Setting CVar [[gc.AllowParallelGC:1]]
[2020.09.19-14.12.35:508][  0]LogConfig: Setting CVar [[gc.TimeBetweenPurgingPendingKillObjects:61.1]]
[2020.09.19-14.12.35:509][  0]LogConfig: Setting CVar [[gc.MaxObjectsInEditor:25165824]]
[2020.09.19-14.12.35:510][  0]LogConfig: Setting CVar [[gc.IncrementalBeginDestroyEnabled:1]]
[2020.09.19-14.12.35:511][  0]LogConfig: Setting CVar [[gc.CreateGCClusters:1]]
[2020.09.19-14.12.35:513][  0]LogConfig: Setting CVar [[gc.MinGCClusterSize:5]]
[2020.09.19-14.12.35:515][  0]LogConfig: Setting CVar [[gc.ActorClusteringEnabled:0]]
[2020.09.19-14.12.35:517][  0]LogConfig: Setting CVar [[gc.BlueprintClusteringEnabled:0]]
[2020.09.19-14.12.35:518][  0]LogConfig: Setting CVar [[gc.UseDisregardForGCOnDedicatedServers:0]]
[2020.09.19-14.12.35:520][  0]LogConfig: Applying CVar settings from Section [/Script/Engine.NetworkSettings] File [D:/DW/Documents/GitHub/Coop-Multiplayer-Shooter/CoopShooter/Saved/Config/Windows/Engine.ini]
[2020.09.19-14.12.35:522][  0]LogConfig: Setting CVar [[n.VerifyPeer:0]]
[2020.09.19-14.12.35:524][  0]LogConfig: Applying CVar settings from Section [/Script/UnrealEd.CookerSettings] File [D:/DW/Documents/GitHub/Coop-Multiplayer-Shooter/CoopShooter/Saved/Config/Windows/Engine.ini]
[2020.09.19-14.12.35:528][  0]LogConfig: Applying CVar settings from Section [ViewDistanceQuality@3] File [D:/DW/Documents/GitHub/Coop-Multiplayer-Shooter/CoopShooter/Saved/Config/Windows/Scalability.ini]
[2020.09.19-14.12.35:528][  0]LogConfig: Setting CVar [[r.SkeletalMeshLODBias:0]]
[2020.09.19-14.12.35:530][  0]LogConfig: Setting CVar [[r.ViewDistanceScale:1.0]]
[2020.09.19-14.12.35:530][  0]LogConfig: Applying CVar settings from Section [AntiAliasingQuality@3] File [D:/DW/Documents/GitHub/Coop-Multiplayer-Shooter/CoopShooter/Saved/Config/Windows/Scalability.ini]
[2020.09.19-14.12.35:533][  0]LogConfig: Setting CVar [[r.PostProcessAAQuality:4]]
[2020.09.19-14.12.35:533][  0]LogConfig: Applying CVar settings from Section [ShadowQuality@3] File [D:/DW/Documents/GitHub/Coop-Multiplayer-Shooter/CoopShooter/Saved/Config/Windows/Scalability.ini]
[2020.09.19-14.12.35:534][  0]LogConfig: Setting CVar [[r.LightFunctionQuality:1]]
[2020.09.19-14.12.35:541][  0]LogConfig: Setting CVar [[r.ShadowQuality:5]]
[2020.09.19-14.12.35:542][  0]LogConfig: Setting CVar [[r.Shadow.CSM.MaxCascades:10]]
[2020.09.19-14.12.35:543][  0]LogConfig: Setting CVar [[r.Shadow.MaxResolution:2048]]
[2020.09.19-14.12.35:544][  0]LogConfig: Setting CVar [[r.Shadow.MaxCSMResolution:2048]]
[2020.09.19-14.12.35:544][  0]LogConfig: Setting CVar [[r.Shadow.RadiusThreshold:0.01]]
[2020.09.19-14.12.35:545][  0]LogConfig: Setting CVar [[r.Shadow.DistanceScale:1.0]]
[2020.09.19-14.12.35:546][  0]LogConfig: Setting CVar [[r.Shadow.CSM.TransitionScale:1.0]]
[2020.09.19-14.12.35:548][  0]LogConfig: Setting CVar [[r.Shadow.PreShadowResolutionFactor:1.0]]
[2020.09.19-14.12.35:548][  0]LogConfig: Setting CVar [[r.DistanceFieldShadowing:1]]
[2020.09.19-14.12.35:549][  0]LogConfig: Setting CVar [[r.DistanceFieldAO:1]]
[2020.09.19-14.12.35:550][  0]LogConfig: Setting CVar [[r.AOQuality:2]]
[2020.09.19-14.12.35:550][  0]LogConfig: Setting CVar [[r.VolumetricFog:1]]
[2020.09.19-14.12.35:551][  0]LogConfig: Setting CVar [[r.VolumetricFog.GridPixelSize:8]]
[2020.09.19-14.12.35:552][  0]LogConfig: Setting CVar [[r.VolumetricFog.GridSizeZ:128]]
[2020.09.19-14.12.35:554][  0]LogConfig: Setting CVar [[r.VolumetricFog.HistoryMissSupersampleCount:4]]
[2020.09.19-14.12.35:556][  0]LogConfig: Setting CVar [[r.LightMaxDrawDistanceScale:1]]
[2020.09.19-14.12.35:558][  0]LogConfig: Setting CVar [[r.CapsuleShadows:1]]
[2020.09.19-14.12.35:559][  0]LogConfig: Applying CVar settings from Section [PostProcessQuality@3] File [D:/DW/Documents/GitHub/Coop-Multiplayer-Shooter/CoopShooter/Saved/Config/Windows/Scalability.ini]
[2020.09.19-14.12.35:560][  0]LogConfig: Setting CVar [[r.MotionBlurQuality:4]]
[2020.09.19-14.12.35:560][  0]LogConfig: Setting CVar [[r.AmbientOcclusionMipLevelFactor:0.4]]
[2020.09.19-14.12.35:562][  0]LogConfig: Setting CVar [[r.AmbientOcclusionMaxQuality:100]]
[2020.09.19-14.12.35:562][  0]LogConfig: Setting CVar [[r.AmbientOcclusionLevels:-1]]
[2020.09.19-14.12.35:563][  0]LogConfig: Setting CVar [[r.AmbientOcclusionRadiusScale:1.0]]
[2020.09.19-14.12.35:564][  0]LogConfig: Setting CVar [[r.DepthOfFieldQuality:2]]
[2020.09.19-14.12.35:564][  0]LogConfig: Setting CVar [[r.RenderTargetPoolMin:400]]
[2020.09.19-14.12.35:565][  0]LogConfig: Setting CVar [[r.LensFlareQuality:2]]
[2020.09.19-14.12.35:565][  0]LogConfig: Setting CVar [[r.SceneColorFringeQuality:1]]
[2020.09.19-14.12.35:566][  0]LogConfig: Setting CVar [[r.EyeAdaptationQuality:2]]
[2020.09.19-14.12.35:567][  0]LogConfig: Setting CVar [[r.BloomQuality:5]]
[2020.09.19-14.12.35:568][  0]LogConfig: Setting CVar [[r.FastBlurThreshold:100]]
[2020.09.19-14.12.35:569][  0]LogConfig: Setting CVar [[r.Upscale.Quality:3]]
[2020.09.19-14.12.35:571][  0]LogConfig: Setting CVar [[r.Tonemapper.GrainQuantization:1]]
[2020.09.19-14.12.35:574][  0]LogConfig: Setting CVar [[r.LightShaftQuality:1]]
[2020.09.19-14.12.35:575][  0]LogConfig: Setting CVar [[r.Filter.SizeScale:1]]
[2020.09.19-14.12.35:576][  0]LogConfig: Setting CVar [[r.Tonemapper.Quality:5]]
[2020.09.19-14.12.35:578][  0]LogConfig: Setting CVar [[r.DOF.Gather.AccumulatorQuality:1        ; higher gathering accumulator quality]]
[2020.09.19-14.12.35:579][  0]LogConfig: Setting CVar [[r.DOF.Gather.PostfilterMethod:1          ; Median3x3 postfilering method]]
[2020.09.19-14.12.35:580][  0]LogConfig: Setting CVar [[r.DOF.Gather.EnableBokehSettings:0       ; no bokeh simulation when gathering]]
[2020.09.19-14.12.35:581][  0]LogConfig: Setting CVar [[r.DOF.Gather.RingCount:4                 ; medium number of samples when gathering]]
[2020.09.19-14.12.35:582][  0]LogConfig: Setting CVar [[r.DOF.Scatter.ForegroundCompositing:1    ; additive foreground scattering]]
[2020.09.19-14.12.35:583][  0]LogConfig: Setting CVar [[r.DOF.Scatter.BackgroundCompositing:2    ; additive background scattering]]
[2020.09.19-14.12.35:583][  0]LogConfig: Setting CVar [[r.DOF.Scatter.EnableBokehSettings:1      ; bokeh simulation when scattering]]
[2020.09.19-14.12.35:584][  0]LogConfig: Setting CVar [[r.DOF.Scatter.MaxSpriteRatio:0.1         ; only a maximum of 10% of scattered bokeh]]
[2020.09.19-14.12.35:585][  0]LogConfig: Setting CVar [[r.DOF.Recombine.Quality:1                ; cheap slight out of focus]]
[2020.09.19-14.12.35:586][  0]LogConfig: Setting CVar [[r.DOF.Recombine.EnableBokehSettings:0    ; no bokeh simulation on slight out of focus]]
[2020.09.19-14.12.35:587][  0]LogConfig: Setting CVar [[r.DOF.TemporalAAQuality:1                ; more stable temporal accumulation]]
[2020.09.19-14.12.35:590][  0]LogConfig: Setting CVar [[r.DOF.Kernel.MaxForegroundRadius:0.025]]
[2020.09.19-14.12.35:591][  0]LogConfig: Setting CVar [[r.DOF.Kernel.MaxBackgroundRadius:0.025]]
[2020.09.19-14.12.35:592][  0]LogConfig: Applying CVar settings from Section [TextureQuality@3] File [D:/DW/Documents/GitHub/Coop-Multiplayer-Shooter/CoopShooter/Saved/Config/Windows/Scalability.ini]
[2020.09.19-14.12.35:593][  0]LogConfig: Setting CVar [[r.Streaming.MipBias:0]]
[2020.09.19-14.12.35:594][  0]LogConfig: Setting CVar [[r.Streaming.AmortizeCPUToGPUCopy:0]]
[2020.09.19-14.12.35:594][  0]LogConfig: Setting CVar [[r.Streaming.MaxNumTexturesToStreamPerFrame:0]]
[2020.09.19-14.12.35:595][  0]LogConfig: Setting CVar [[r.Streaming.Boost:1]]
[2020.09.19-14.12.35:596][  0]LogConfig: Setting CVar [[r.MaxAnisotropy:8]]
[2020.09.19-14.12.35:596][  0]LogConfig: Setting CVar [[r.VT.MaxAnisotropy:8]]
[2020.09.19-14.12.35:597][  0]LogConfig: Setting CVar [[r.Streaming.LimitPoolSizeToVRAM:0]]
[2020.09.19-14.12.35:597][  0]LogConfig: Setting CVar [[r.Streaming.PoolSize:1000]]
[2020.09.19-14.12.35:598][  0]LogConfig: Setting CVar [[r.Streaming.MaxEffectiveScreenSize:0]]
[2020.09.19-14.12.35:601][  0]LogConfig: Applying CVar settings from Section [EffectsQuality@3] File [D:/DW/Documents/GitHub/Coop-Multiplayer-Shooter/CoopShooter/Saved/Config/Windows/Scalability.ini]
[2020.09.19-14.12.35:602][  0]LogConfig: Setting CVar [[r.TranslucencyLightingVolumeDim:64]]
[2020.09.19-14.12.35:603][  0]LogConfig: Setting CVar [[r.RefractionQuality:2]]
[2020.09.19-14.12.35:606][  0]LogConfig: Setting CVar [[r.SSR.Quality:3]]
[2020.09.19-14.12.35:608][  0]LogConfig: Setting CVar [[r.SSR.HalfResSceneColor:0]]
[2020.09.19-14.12.35:610][  0]LogConfig: Setting CVar [[r.SceneColorFormat:4]]
[2020.09.19-14.12.35:611][  0]LogConfig: Setting CVar [[r.DetailMode:2]]
[2020.09.19-14.12.35:612][  0]LogConfig: Setting CVar [[r.TranslucencyVolumeBlur:1]]
[2020.09.19-14.12.35:613][  0]LogConfig: Setting CVar [[r.MaterialQualityLevel:1 ; High quality]]
[2020.09.19-14.12.35:615][  0]LogConfig: Setting CVar [[r.SSS.Scale:1]]
[2020.09.19-14.12.35:616][  0]LogConfig: Setting CVar [[r.SSS.SampleSet:2]]
[2020.09.19-14.12.35:617][  0]LogConfig: Setting CVar [[r.SSS.Quality:1]]
[2020.09.19-14.12.35:617][  0]LogConfig: Setting CVar [[r.SSS.HalfRes:0]]
[2020.09.19-14.12.35:618][  0]LogConfig: Setting CVar [[r.SSGI.Quality:3]]
[2020.09.19-14.12.35:622][  0]LogConfig: Setting CVar [[r.EmitterSpawnRateScale:1.0]]
[2020.09.19-14.12.35:624][  0]LogConfig: Setting CVar [[r.ParticleLightQuality:2]]
[2020.09.19-14.12.35:625][  0]LogConfig: Setting CVar [[r.SkyAtmosphere.AerialPerspectiveLUT.FastApplyOnOpaque:1 ; Always have FastSkyLUT 1 in this case to avoid wrong sky]]
[2020.09.19-14.12.35:626][  0]LogConfig: Setting CVar [[r.SkyAtmosphere.AerialPerspectiveLUT.SampleCountPerSlice:1]]
[2020.09.19-14.12.35:627][  0]LogConfig: Setting CVar [[r.SkyAtmosphere.AerialPerspectiveLUT.DepthResolution:16.0]]
[2020.09.19-14.12.35:628][  0]LogConfig: Setting CVar [[r.SkyAtmosphere.FastSkyLUT:1]]
[2020.09.19-14.12.35:629][  0]LogConfig: Setting CVar [[r.SkyAtmosphere.FastSkyLUT.SampleCountMin:4.0]]
[2020.09.19-14.12.35:631][  0]LogConfig: Setting CVar [[r.SkyAtmosphere.FastSkyLUT.SampleCountMax:32.0]]
[2020.09.19-14.12.35:632][  0]LogConfig: Setting CVar [[r.SkyAtmosphere.SampleCountMin:4.0]]
[2020.09.19-14.12.35:633][  0]LogConfig: Setting CVar [[r.SkyAtmosphere.SampleCountMax:32.0]]
[2020.09.19-14.12.35:634][  0]LogConfig: Setting CVar [[r.SkyAtmosphere.TransmittanceLUT.UseSmallFormat:0]]
[2020.09.19-14.12.35:635][  0]LogConfig: Setting CVar [[r.SkyAtmosphere.TransmittanceLUT.SampleCount:10.0]]
[2020.09.19-14.12.35:637][  0]LogConfig: Setting CVar [[r.SkyAtmosphere.MultiScatteringLUT.SampleCount:15.0]]
[2020.09.19-14.12.35:639][  0]LogConfig: Applying CVar settings from Section [FoliageQuality@3] File [D:/DW/Documents/GitHub/Coop-Multiplayer-Shooter/CoopShooter/Saved/Config/Windows/Scalability.ini]
[2020.09.19-14.12.35:642][  0]LogConfig: Setting CVar [[foliage.DensityScale:1.0]]
[2020.09.19-14.12.35:643][  0]LogConfig: Setting CVar [[grass.DensityScale:1.0]]
[2020.09.19-14.12.35:645][  0]LogConfig: Applying CVar settings from Section [ShadingQuality@3] File [D:/DW/Documents/GitHub/Coop-Multiplayer-Shooter/CoopShooter/Saved/Config/Windows/Scalability.ini]
[2020.09.19-14.12.35:646][  0]LogConfig: Setting CVar [[r.HairStrands.SkyLighting.SampleCount:16]]
[2020.09.19-14.12.35:647][  0]LogConfig: Setting CVar [[r.HairStrands.SkyLighting.JitterIntegration:0]]
[2020.09.19-14.12.35:648][  0]LogConfig: Setting CVar [[r.HairStrands.SkyAO.SampleCount:16]]
[2020.09.19-14.12.35:649][  0]LogConfig: Setting CVar [[r.HairStrands.DeepShadow.SuperSampling:0]]
[2020.09.19-14.12.35:654][  0]LogConfig: Setting CVar [[r.HairStrands.VisibilityPPLL:0]]
[2020.09.19-14.12.35:656][  0]LogConfig: Setting CVar [[r.HairStrands.RasterizationScale:0.5]]
[2020.09.19-14.12.35:658][  0]LogConfig: Setting CVar [[r.HairStrands.VelocityRasterizationScale:1]]
[2020.09.19-14.12.35:659][  0]LogInit: Selected Device Profile: [Windows]
[2020.09.19-14.12.35:660][  0]LogInit: Applying CVar settings loaded from the selected device profile: [Windows]
[2020.09.19-14.12.35:662][  0]LogHAL: Display: Platform has ~ 16 GB [17059516416 / 17179869184 / 16], which maps to Larger [LargestMinGB=32, LargerMinGB=12, DefaultMinGB=8, SmallerMinGB=6, SmallestMinGB=0)
[2020.09.19-14.12.35:663][  0]LogInit: Going up to parent DeviceProfile []
[2020.09.19-14.12.35:664][  0]LogConfig: Applying CVar settings from Section [ViewDistanceQuality@3] File [D:/DW/Documents/GitHub/Coop-Multiplayer-Shooter/CoopShooter/Saved/Config/Windows/Scalability.ini]
[2020.09.19-14.12.35:665][  0]LogConfig: Setting CVar [[r.SkeletalMeshLODBias:0]]
[2020.09.19-14.12.35:665][  0]LogConfig: Setting CVar [[r.ViewDistanceScale:1.0]]
[2020.09.19-14.12.35:666][  0]LogConfig: Applying CVar settings from Section [AntiAliasingQuality@3] File [D:/DW/Documents/GitHub/Coop-Multiplayer-Shooter/CoopShooter/Saved/Config/Windows/Scalability.ini]
[2020.09.19-14.12.35:667][  0]LogConfig: Setting CVar [[r.PostProcessAAQuality:4]]
[2020.09.19-14.12.35:667][  0]LogConfig: Applying CVar settings from Section [ShadowQuality@3] File [D:/DW/Documents/GitHub/Coop-Multiplayer-Shooter/CoopShooter/Saved/Config/Windows/Scalability.ini]
[2020.09.19-14.12.35:670][  0]LogConfig: Setting CVar [[r.LightFunctionQuality:1]]
[2020.09.19-14.12.35:672][  0]LogConfig: Setting CVar [[r.ShadowQuality:5]]
[2020.09.19-14.12.35:672][  0]LogConfig: Setting CVar [[r.Shadow.CSM.MaxCascades:10]]
[2020.09.19-14.12.35:673][  0]LogConfig: Setting CVar [[r.Shadow.MaxResolution:2048]]
[2020.09.19-14.12.35:674][  0]LogConfig: Setting CVar [[r.Shadow.MaxCSMResolution:2048]]
[2020.09.19-14.12.35:675][  0]LogConfig: Setting CVar [[r.Shadow.RadiusThreshold:0.01]]
[2020.09.19-14.12.35:677][  0]LogConfig: Setting CVar [[r.Shadow.DistanceScale:1.0]]
[2020.09.19-14.12.35:678][  0]LogConfig: Setting CVar [[r.Shadow.CSM.TransitionScale:1.0]]
[2020.09.19-14.12.35:678][  0]LogConfig: Setting CVar [[r.Shadow.PreShadowResolutionFactor:1.0]]
[2020.09.19-14.12.35:680][  0]LogConfig: Setting CVar [[r.DistanceFieldShadowing:1]]
[2020.09.19-14.12.35:682][  0]LogConfig: Setting CVar [[r.DistanceFieldAO:1]]
[2020.09.19-14.12.35:682][  0]LogConfig: Setting CVar [[r.AOQuality:2]]
[2020.09.19-14.12.35:683][  0]LogConfig: Setting CVar [[r.VolumetricFog:1]]
[2020.09.19-14.12.35:683][  0]LogConfig: Setting CVar [[r.VolumetricFog.GridPixelSize:8]]
[2020.09.19-14.12.35:684][  0]LogConfig: Setting CVar [[r.VolumetricFog.GridSizeZ:128]]
[2020.09.19-14.12.35:686][  0]LogConfig: Setting CVar [[r.VolumetricFog.HistoryMissSupersampleCount:4]]
[2020.09.19-14.12.35:687][  0]LogConfig: Setting CVar [[r.LightMaxDrawDistanceScale:1]]
[2020.09.19-14.12.35:689][  0]LogConfig: Setting CVar [[r.CapsuleShadows:1]]
[2020.09.19-14.12.35:690][  0]LogConfig: Applying CVar settings from Section [PostProcessQuality@3] File [D:/DW/Documents/GitHub/Coop-Multiplayer-Shooter/CoopShooter/Saved/Config/Windows/Scalability.ini]
[2020.09.19-14.12.35:692][  0]LogConfig: Setting CVar [[r.MotionBlurQuality:4]]
[2020.09.19-14.12.35:693][  0]LogConfig: Setting CVar [[r.AmbientOcclusionMipLevelFactor:0.4]]
[2020.09.19-14.12.35:693][  0]LogConfig: Setting CVar [[r.AmbientOcclusionMaxQuality:100]]
[2020.09.19-14.12.35:694][  0]LogConfig: Setting CVar [[r.AmbientOcclusionLevels:-1]]
[2020.09.19-14.12.35:694][  0]LogConfig: Setting CVar [[r.AmbientOcclusionRadiusScale:1.0]]
[2020.09.19-14.12.35:695][  0]LogConfig: Setting CVar [[r.DepthOfFieldQuality:2]]
[2020.09.19-14.12.35:696][  0]LogConfig: Setting CVar [[r.RenderTargetPoolMin:400]]
[2020.09.19-14.12.35:697][  0]LogConfig: Setting CVar [[r.LensFlareQuality:2]]
[2020.09.19-14.12.35:698][  0]LogConfig: Setting CVar [[r.SceneColorFringeQuality:1]]
[2020.09.19-14.12.35:698][  0]LogConfig: Setting CVar [[r.EyeAdaptationQuality:2]]
[2020.09.19-14.12.35:699][  0]LogConfig: Setting CVar [[r.BloomQuality:5]]
[2020.09.19-14.12.35:699][  0]LogConfig: Setting CVar [[r.FastBlurThreshold:100]]
[2020.09.19-14.12.35:700][  0]LogConfig: Setting CVar [[r.Upscale.Quality:3]]
[2020.09.19-14.12.35:703][  0]LogConfig: Setting CVar [[r.Tonemapper.GrainQuantization:1]]
[2020.09.19-14.12.35:704][  0]LogConfig: Setting CVar [[r.LightShaftQuality:1]]
[2020.09.19-14.12.35:704][  0]LogConfig: Setting CVar [[r.Filter.SizeScale:1]]
[2020.09.19-14.12.35:705][  0]LogConfig: Setting CVar [[r.Tonemapper.Quality:5]]
[2020.09.19-14.12.35:706][  0]LogConfig: Setting CVar [[r.DOF.Gather.AccumulatorQuality:1        ; higher gathering accumulator quality]]
[2020.09.19-14.12.35:707][  0]LogConfig: Setting CVar [[r.DOF.Gather.PostfilterMethod:1          ; Median3x3 postfilering method]]
[2020.09.19-14.12.35:708][  0]LogConfig: Setting CVar [[r.DOF.Gather.EnableBokehSettings:0       ; no bokeh simulation when gathering]]
[2020.09.19-14.12.35:708][  0]LogConfig: Setting CVar [[r.DOF.Gather.RingCount:4                 ; medium number of samples when gathering]]
[2020.09.19-14.12.35:709][  0]LogConfig: Setting CVar [[r.DOF.Scatter.ForegroundCompositing:1    ; additive foreground scattering]]
[2020.09.19-14.12.35:709][  0]LogConfig: Setting CVar [[r.DOF.Scatter.BackgroundCompositing:2    ; additive background scattering]]
[2020.09.19-14.12.35:710][  0]LogConfig: Setting CVar [[r.DOF.Scatter.EnableBokehSettings:1      ; bokeh simulation when scattering]]
[2020.09.19-14.12.35:712][  0]LogConfig: Setting CVar [[r.DOF.Scatter.MaxSpriteRatio:0.1         ; only a maximum of 10% of scattered bokeh]]
[2020.09.19-14.12.35:713][  0]LogConfig: Setting CVar [[r.DOF.Recombine.Quality:1                ; cheap slight out of focus]]
[2020.09.19-14.12.35:714][  0]LogConfig: Setting CVar [[r.DOF.Recombine.EnableBokehSettings:0    ; no bokeh simulation on slight out of focus]]
[2020.09.19-14.12.35:714][  0]LogConfig: Setting CVar [[r.DOF.TemporalAAQuality:1                ; more stable temporal accumulation]]
[2020.09.19-14.12.35:714][  0]LogConfig: Setting CVar [[r.DOF.Kernel.MaxForegroundRadius:0.025]]
[2020.09.19-14.12.35:715][  0]LogConfig: Setting CVar [[r.DOF.Kernel.MaxBackgroundRadius:0.025]]
[2020.09.19-14.12.35:715][  0]LogConfig: Applying CVar settings from Section [TextureQuality@3] File [D:/DW/Documents/GitHub/Coop-Multiplayer-Shooter/CoopShooter/Saved/Config/Windows/Scalability.ini]
[2020.09.19-14.12.35:717][  0]LogConfig: Setting CVar [[r.Streaming.MipBias:0]]
[2020.09.19-14.12.35:718][  0]LogConfig: Setting CVar [[r.Streaming.AmortizeCPUToGPUCopy:0]]
[2020.09.19-14.12.35:718][  0]LogConfig: Setting CVar [[r.Streaming.MaxNumTexturesToStreamPerFrame:0]]
[2020.09.19-14.12.35:720][  0]LogConfig: Setting CVar [[r.Streaming.Boost:1]]
[2020.09.19-14.12.35:723][  0]LogConfig: Setting CVar [[r.MaxAnisotropy:8]]
[2020.09.19-14.12.35:723][  0]LogConfig: Setting CVar [[r.VT.MaxAnisotropy:8]]
[2020.09.19-14.12.35:724][  0]LogConfig: Setting CVar [[r.Streaming.LimitPoolSizeToVRAM:0]]
[2020.09.19-14.12.35:725][  0]LogConfig: Setting CVar [[r.Streaming.PoolSize:1000]]
[2020.09.19-14.12.35:725][  0]LogConfig: Setting CVar [[r.Streaming.MaxEffectiveScreenSize:0]]
[2020.09.19-14.12.35:726][  0]LogConfig: Applying CVar settings from Section [EffectsQuality@3] File [D:/DW/Documents/GitHub/Coop-Multiplayer-Shooter/CoopShooter/Saved/Config/Windows/Scalability.ini]
[2020.09.19-14.12.35:727][  0]LogConfig: Setting CVar [[r.TranslucencyLightingVolumeDim:64]]
[2020.09.19-14.12.35:727][  0]LogConfig: Setting CVar [[r.RefractionQuality:2]]
[2020.09.19-14.12.35:728][  0]LogConfig: Setting CVar [[r.SSR.Quality:3]]
[2020.09.19-14.12.35:729][  0]LogConfig: Setting CVar [[r.SSR.HalfResSceneColor:0]]
[2020.09.19-14.12.35:729][  0]LogConfig: Setting CVar [[r.SceneColorFormat:4]]
[2020.09.19-14.12.35:730][  0]LogConfig: Setting CVar [[r.DetailMode:2]]
[2020.09.19-14.12.35:732][  0]LogConfig: Setting CVar [[r.TranslucencyVolumeBlur:1]]
[2020.09.19-14.12.35:732][  0]LogConfig: Setting CVar [[r.MaterialQualityLevel:1 ; High quality]]
[2020.09.19-14.12.35:733][  0]LogConfig: Setting CVar [[r.SSS.Scale:1]]
[2020.09.19-14.12.35:734][  0]LogConfig: Setting CVar [[r.SSS.SampleSet:2]]
[2020.09.19-14.12.35:734][  0]LogConfig: Setting CVar [[r.SSS.Quality:1]]
[2020.09.19-14.12.35:735][  0]LogConfig: Setting CVar [[r.SSS.HalfRes:0]]
[2020.09.19-14.12.35:736][  0]LogConfig: Setting CVar [[r.SSGI.Quality:3]]
[2020.09.19-14.12.35:737][  0]LogConfig: Setting CVar [[r.EmitterSpawnRateScale:1.0]]
[2020.09.19-14.12.35:737][  0]LogConfig: Setting CVar [[r.ParticleLightQuality:2]]
[2020.09.19-14.12.35:738][  0]LogConfig: Setting CVar [[r.SkyAtmosphere.AerialPerspectiveLUT.FastApplyOnOpaque:1 ; Always have FastSkyLUT 1 in this case to avoid wrong sky]]
[2020.09.19-14.12.35:740][  0]LogConfig: Setting CVar [[r.SkyAtmosphere.AerialPerspectiveLUT.SampleCountPerSlice:1]]
[2020.09.19-14.12.35:742][  0]LogConfig: Setting CVar [[r.SkyAtmosphere.AerialPerspectiveLUT.DepthResolution:16.0]]
[2020.09.19-14.12.35:742][  0]LogConfig: Setting CVar [[r.SkyAtmosphere.FastSkyLUT:1]]
[2020.09.19-14.12.35:743][  0]LogConfig: Setting CVar [[r.SkyAtmosphere.FastSkyLUT.SampleCountMin:4.0]]
[2020.09.19-14.12.35:744][  0]LogConfig: Setting CVar [[r.SkyAtmosphere.FastSkyLUT.SampleCountMax:32.0]]
[2020.09.19-14.12.35:744][  0]LogConfig: Setting CVar [[r.SkyAtmosphere.SampleCountMin:4.0]]
[2020.09.19-14.12.35:745][  0]LogConfig: Setting CVar [[r.SkyAtmosphere.SampleCountMax:32.0]]
[2020.09.19-14.12.35:746][  0]LogConfig: Setting CVar [[r.SkyAtmosphere.TransmittanceLUT.UseSmallFormat:0]]
[2020.09.19-14.12.35:747][  0]LogConfig: Setting CVar [[r.SkyAtmosphere.TransmittanceLUT.SampleCount:10.0]]
[2020.09.19-14.12.35:748][  0]LogConfig: Setting CVar [[r.SkyAtmosphere.MultiScatteringLUT.SampleCount:15.0]]
[2020.09.19-14.12.35:748][  0]LogConfig: Applying CVar settings from Section [FoliageQuality@3] File [D:/DW/Documents/GitHub/Coop-Multiplayer-Shooter/CoopShooter/Saved/Config/Windows/Scalability.ini]
[2020.09.19-14.12.35:749][  0]LogConfig: Setting CVar [[foliage.DensityScale:1.0]]
[2020.09.19-14.12.35:750][  0]LogConfig: Setting CVar [[grass.DensityScale:1.0]]
[2020.09.19-14.12.35:751][  0]LogConfig: Applying CVar settings from Section [ShadingQuality@3] File [D:/DW/Documents/GitHub/Coop-Multiplayer-Shooter/CoopShooter/Saved/Config/Windows/Scalability.ini]
[2020.09.19-14.12.35:755][  0]LogConfig: Setting CVar [[r.HairStrands.SkyLighting.SampleCount:16]]
[2020.09.19-14.12.35:757][  0]LogConfig: Setting CVar [[r.HairStrands.SkyLighting.JitterIntegration:0]]
[2020.09.19-14.12.35:758][  0]LogConfig: Setting CVar [[r.HairStrands.SkyAO.SampleCount:16]]
[2020.09.19-14.12.35:759][  0]LogConfig: Setting CVar [[r.HairStrands.DeepShadow.SuperSampling:0]]
[2020.09.19-14.12.35:759][  0]LogConfig: Setting CVar [[r.HairStrands.VisibilityPPLL:0]]
[2020.09.19-14.12.35:760][  0]LogConfig: Setting CVar [[r.HairStrands.RasterizationScale:0.5]]
[2020.09.19-14.12.35:760][  0]LogConfig: Setting CVar [[r.HairStrands.VelocityRasterizationScale:1]]
[2020.09.19-14.12.35:761][  0]LogConfig: Applying CVar settings from Section [Startup] File [../../../Engine/Config/ConsoleVariables.ini]
[2020.09.19-14.12.35:763][  0]LogConfig: Setting CVar [[net.UseAdaptiveNetUpdateFrequency:0]]
[2020.09.19-14.12.35:765][  0]LogConfig: Setting CVar [[p.chaos.AllowCreatePhysxBodies:1]]
[2020.09.19-14.12.35:766][  0]LogConfig: Setting CVar [[fx.SkipVectorVMBackendOptimizations:1]]
[2020.09.19-14.12.35:766][  0]LogConfig: Applying CVar settings from Section [ConsoleVariables] File [D:/DW/Documents/GitHub/Coop-Multiplayer-Shooter/CoopShooter/Saved/Config/Windows/Engine.ini]
[2020.09.19-14.12.35:768][  0]LogInit: Computer: LAPTOP-205H8F92
[2020.09.19-14.12.35:768][  0]LogInit: User: DW
[2020.09.19-14.12.35:769][  0]LogInit: CPU Page size=4096, Cores=4
[2020.09.19-14.12.35:771][  0]LogInit: High frequency timer resolution =10.000000 MHz
[2020.09.19-14.12.35:772][  0]LogMemory: Memory total: Physical=15.9GB (16GB approx)
[2020.09.19-14.12.35:773][  0]LogMemory: Platform Memory Stats for Windows
[2020.09.19-14.12.35:777][  0]LogMemory: Process Physical Memory: 115.24 MB used, 115.25 MB peak
[2020.09.19-14.12.35:778][  0]LogMemory: Process Virtual Memory: 110.63 MB used, 110.63 MB peak
[2020.09.19-14.12.35:779][  0]LogMemory: Physical Memory: 9519.63 MB used,  6749.59 MB free, 16269.22 MB total
[2020.09.19-14.12.35:780][  0]LogMemory: Virtual Memory: 5158.37 MB used,  134212568.00 MB free, 134217728.00 MB total
[2020.09.19-14.12.35:795][  0]LogWindows: WindowsPlatformFeatures enabled
[2020.09.19-14.12.35:866][  0]LogInit: Physics initialised using underlying interface: PhysX
[2020.09.19-14.12.35:866][  0]LogInit: Using OS detected language (en-GB).
[2020.09.19-14.12.35:867][  0]LogInit: Using OS detected locale (en-GB).
[2020.09.19-14.12.35:870][  0]LogTextLocalizationManager: No specific localization for 'en-GB' exists, so the 'en' localization will be used.
[2020.09.19-14.12.36:177][  0]LogSlate: New Slate User Created.  User Index 0, Is Virtual User: 0
[2020.09.19-14.12.36:178][  0]LogSlate: Slate User Registered.  User Index 0, Is Virtual User: 0
[2020.09.19-14.12.36:246][  0]LogHMD: Failed to initialize OpenVR with code 110
[2020.09.19-14.12.36:246][  0]LogD3D11RHI: D3D11 min allowed feature level: 11_0
[2020.09.19-14.12.36:247][  0]LogD3D11RHI: D3D11 max allowed feature level: 11_0
[2020.09.19-14.12.36:247][  0]LogD3D11RHI: D3D11 adapters:
[2020.09.19-14.12.36:369][  0]LogD3D11RHI:    0. 'NVIDIA GeForce GTX 1050' (Feature Level 11_0)
[2020.09.19-14.12.36:369][  0]LogD3D11RHI:       4019/0/8134 MB DedicatedVideo/DedicatedSystem/SharedSystem, Outputs:1, VendorId:0x10de
[2020.09.19-14.12.36:399][  0]LogD3D11RHI:    1. 'Intel(R) HD Graphics 630' (Feature Level 11_0)
[2020.09.19-14.12.36:399][  0]LogD3D11RHI:       128/0/8134 MB DedicatedVideo/DedicatedSystem/SharedSystem, Outputs:0, VendorId:0x8086
[2020.09.19-14.12.36:404][  0]LogD3D11RHI:    2. 'Microsoft Basic Render Driver' (Feature Level 11_0)
[2020.09.19-14.12.36:404][  0]LogD3D11RHI:       0/0/8134 MB DedicatedVideo/DedicatedSystem/SharedSystem, Outputs:0, VendorId:0x1414
[2020.09.19-14.12.36:405][  0]LogD3D11RHI: Chosen D3D11 Adapter: 0
[2020.09.19-14.12.36:453][  0]LogD3D11RHI: Creating new Direct3DDevice
[2020.09.19-14.12.36:453][  0]LogD3D11RHI:     GPU DeviceId: 0x1c8d (for the marketing name, search the web for "GPU Device Id")
[2020.09.19-14.12.36:455][  0]LogWindows: EnumDisplayDevices:
[2020.09.19-14.12.36:455][  0]LogWindows:    0. 'Intel(R) HD Graphics 630' (P:1 D:1)
[2020.09.19-14.12.36:456][  0]LogWindows:    1. 'Intel(R) HD Graphics 630' (P:0 D:0)
[2020.09.19-14.12.36:457][  0]LogWindows:    2. 'Intel(R) HD Graphics 630' (P:0 D:0)
[2020.09.19-14.12.36:458][  0]LogWindows:    3. 'NVIDIA GeForce GTX 1050' (P:0 D:0)
[2020.09.19-14.12.36:458][  0]LogWindows: DebugString: PrimaryIsNotTheChoosenAdapter PrimaryIsNotTheChoosenAdapter PrimaryIsNotTheChoosenAdapter 
[2020.09.19-14.12.36:459][  0]LogD3D11RHI:     Adapter Name: NVIDIA GeForce GTX 1050
[2020.09.19-14.12.36:460][  0]LogD3D11RHI:   Driver Version: 445.87 (internal:26.21.14.4587, unified:445.87)
[2020.09.19-14.12.36:461][  0]LogD3D11RHI:      Driver Date: 4-3-2020
[2020.09.19-14.12.36:461][  0]LogRHI: Texture pool is 2813 MB (70% of 4019 MB)
[2020.09.19-14.12.36:538][  0]LogD3D11RHI: RHI has support for 64 bit atomics
[2020.09.19-14.12.36:538][  0]LogD3D11RHI: Async texture creation enabled
[2020.09.19-14.12.36:540][  0]LogD3D11RHI: Array index from any shader is supported
[2020.09.19-14.12.36:571][  0]LogD3D11RHI: GPU Timing Frequency: 1000.000000 (Debug: 2 1)
[2020.09.19-14.12.37:080][  0]LogTargetPlatformManager: Display: Loaded TargetPlatform 'WindowsNoEditor'
[2020.09.19-14.12.37:090][  0]LogTargetPlatformManager: Display: Loaded TargetPlatform 'Windows'
[2020.09.19-14.12.37:108][  0]LogTargetPlatformManager: Display: Loaded TargetPlatform 'WindowsClient'
[2020.09.19-14.12.37:130][  0]LogTargetPlatformManager: Display: Loaded TargetPlatform 'WindowsServer'
[2020.09.19-14.12.37:130][  0]LogTargetPlatformManager: Display: Building Assets For Windows
[2020.09.19-14.12.37:154][  0]LogAudioDebug: Display: Lib vorbis DLL was dynamically loaded.
[2020.09.19-14.12.37:261][  0]LogShaderCompilers: Guid format shader working directory is -32 characters bigger than the processId version (../../../../../../DW/Documents/GitHub/Coop-Multiplayer-Shooter/CoopShooter/Intermediate/Shaders/WorkingDirectory/26976/).
[2020.09.19-14.12.37:262][  0]LogShaderCompilers: Cleaned the shader compiler working directory 'C:/Users/DW/AppData/Local/Temp/UnrealShaderWorkingDir/2C77F59B4B83C18E27D6A59A8E3E0E2B/'.
[2020.09.19-14.12.37:263][  0]LogXGEController: Cleaning working directory: C:/Users/DW/AppData/Local/Temp/UnrealXGEWorkingDir/
[2020.09.19-14.12.37:264][  0]LogShaderCompilers: Display: Using XGE Shader Compiler (Interception Interface).
[2020.09.19-14.12.38:398][  0]LogDerivedDataCache: Display: Max Cache Size: 512 MB
[2020.09.19-14.12.38:461][  0]LogDerivedDataCache: Loaded boot cache 0.06s 76MB C:/Users/DW/AppData/Local/UnrealEngine/4.25/DerivedDataCache/Boot.ddc.
[2020.09.19-14.12.38:462][  0]LogDerivedDataCache: Display: Loaded Boot cache: C:/Users/DW/AppData/Local/UnrealEngine/4.25/DerivedDataCache/Boot.ddc
[2020.09.19-14.12.38:463][  0]LogDerivedDataCache: FDerivedDataBackendGraph:  Pak pak cache file ../../../../../../DW/Documents/GitHub/Coop-Multiplayer-Shooter/CoopShooter/DerivedDataCache/DDC.ddp not found, will not use a pak cache.
[2020.09.19-14.12.38:464][  0]LogDerivedDataCache: Unable to find inner node Pak for hierarchical cache Hierarchy.
[2020.09.19-14.12.38:465][  0]LogDerivedDataCache: FDerivedDataBackendGraph:  CompressedPak pak cache file ../../../../../../DW/Documents/GitHub/Coop-Multiplayer-Shooter/CoopShooter/DerivedDataCache/Compressed.ddp not found, will not use a pak cache.
[2020.09.19-14.12.38:465][  0]LogDerivedDataCache: Unable to find inner node CompressedPak for hierarchical cache Hierarchy.
[2020.09.19-14.12.38:478][  0]LogDerivedDataCache: Display: Pak cache opened for reading ../../../Engine/DerivedDataCache/Compressed.ddp.
[2020.09.19-14.12.38:479][  0]LogDerivedDataCache: FDerivedDataBackendGraph:  EnterprisePak pak cache file ../../../Enterprise/DerivedDataCache/Compressed.ddp not found, will not use a pak cache.
[2020.09.19-14.12.38:479][  0]LogDerivedDataCache: Unable to find inner node EnterprisePak for hierarchical cache Hierarchy.
[2020.09.19-14.12.38:482][  0]LogDerivedDataCache: Using Local data cache path C:/Users/DW/AppData/Local/UnrealEngine/Common/DerivedDataCache: Writable
[2020.09.19-14.12.38:482][  0]LogDerivedDataCache: Shared data cache path not found in *engine.ini, will not use an Shared cache.
[2020.09.19-14.12.38:483][  0]LogDerivedDataCache: Unable to find inner node Shared for hierarchical cache Hierarchy.
[2020.09.19-14.12.38:535][  0]LogSlate: Using FreeType 2.10.0
[2020.09.19-14.12.38:536][  0]LogSlate: SlateFontServices - WITH_FREETYPE: 1, WITH_HARFBUZZ: 1
[2020.09.19-14.12.38:802][  0]LogInit: Using OS detected language (en-GB).
[2020.09.19-14.12.38:803][  0]LogInit: Using OS detected locale (en-GB).
[2020.09.19-14.12.38:805][  0]LogTextLocalizationManager: No localization for 'en-GB' exists, so 'en' will be used for the language.
[2020.09.19-14.12.38:805][  0]LogTextLocalizationManager: No localization for 'en-GB' exists, so 'en' will be used for the locale.
[2020.09.19-14.12.38:806][  0]LogSlate: FontCache flush requested. Reason: Culture for localization was changed
[2020.09.19-14.12.38:806][  0]LogSlate: FontCache flush requested. Reason: Culture for localization was changed
[2020.09.19-14.12.38:809][  0]LogTextLocalizationManager: Compacting localization data took   0.00ms
[2020.09.19-14.12.38:816][  0]LogAssetRegistry: FAssetRegistry took 0.0042 seconds to start up
[2020.09.19-14.12.39:135][  0]LogPackageLocalizationCache: Processed 19 localized package path(s) for 1 prioritized culture(s) in 0.044710 seconds
[2020.09.19-14.12.39:204][  0]LogInit: Selected Device Profile: [Windows]
[2020.09.19-14.12.39:346][  0]LogMeshReduction: Using QuadricMeshReduction for automatic static mesh reduction
[2020.09.19-14.12.39:346][  0]LogMeshReduction: Using SimplygonMeshReduction for automatic skeletal mesh reduction
[2020.09.19-14.12.39:347][  0]LogMeshReduction: Using ProxyLODMeshReduction for automatic mesh merging
[2020.09.19-14.12.39:348][  0]LogMeshReduction: No distributed automatic mesh merging module available
[2020.09.19-14.12.39:348][  0]LogMeshMerging: No distributed automatic mesh merging module available
[2020.09.19-14.12.39:369][  0]LogNetVersion: CoopShooter 1.0.0, NetCL: 13144385, EngineNetVer: 14, GameNetVer: 0 (Checksum: 1129434258)
[2020.09.19-14.12.39:665][  0]LogAISub: UAISubsystem::UAISubsystem AISubsystem (0000028DF4608B00), frame # 0
[2020.09.19-14.12.39:666][  0]LogAISub: UAISubsystem::UAISubsystem AIPerceptionSystem (0000028DF4555E40), frame # 0
[2020.09.19-14.12.39:670][  0]LogAISub: UAISubsystem::UAISubsystem EnvQueryManager (0000028DF45C4C00), frame # 0
[2020.09.19-14.12.39:781][  0]LogCollectionManager: Loaded 0 collections in 0.001142 seconds
[2020.09.19-14.12.39:785][  0]LogFileCache: Scanning file cache for directory 'D:/DW/Documents/GitHub/Coop-Multiplayer-Shooter/CoopShooter/Saved/Collections/' took 0.00s
[2020.09.19-14.12.39:785][  0]LogFileCache: Scanning file cache for directory 'D:/DW/Documents/GitHub/Coop-Multiplayer-Shooter/CoopShooter/Content/Developers/DW/Collections/' took 0.00s
[2020.09.19-14.12.39:786][  0]LogFileCache: Scanning file cache for directory 'D:/DW/Documents/GitHub/Coop-Multiplayer-Shooter/CoopShooter/Content/Collections/' took 0.00s
[2020.09.19-14.12.39:786][  0]LogCollectionManager: Fixed up redirectors for 0 collections in 0.000004 seconds (updated 0 objects)
[2020.09.19-14.12.39:884][  0]LogMoviePlayer: Initializing movie player
[2020.09.19-14.12.40:162][  0]SourceControl: Source control is disabled
[2020.09.19-14.12.40:164][  0]SourceControl: Source control is disabled
[2020.09.19-14.12.40:177][  0]SourceControl: Source control is disabled
[2020.09.19-14.12.40:369][  0]LogAndroidPermission: UAndroidPermissionCallbackProxy::GetInstance
[2020.09.19-14.12.40:398][  0]LogAudioCaptureCore: Display: No Audio Capture implementations found. Audio input will be silent.
[2020.09.19-14.12.40:399][  0]LogAudioCaptureCore: Display: No Audio Capture implementations found. Audio input will be silent.
[2020.09.19-14.12.40:463][  0]LogOcInput: OculusInput pre-init called
[2020.09.19-14.12.40:491][  0]LogUObjectArray: 19170 objects as part of root set at end of initial load.
[2020.09.19-14.12.40:491][  0]LogUObjectAllocator: 5081904 out of 0 bytes used by permanent object pool.
[2020.09.19-14.12.40:493][  0]LogUObjectArray: CloseDisregardForGC: 0/0 objects in disregard for GC pool
[2020.09.19-14.12.40:555][  0]LogEngine: Initializing Engine...
[2020.09.19-14.12.40:557][  0]LogHMD: Failed to initialize OpenVR with code 110
[2020.09.19-14.12.40:558][  0]LogMagicLeap: Warning: VR disabled because ZI is not enabled.  To enable, in the editor, Edit -> Project Settings -> Plugins -> Magic Leap Plugin -> Enable Zero Iteration
[2020.09.19-14.12.40:562][  0]LogStats: UGameplayTagsManager::InitializeManager -  0.000 s
[2020.09.19-14.12.40:711][  0]LogInit: Initializing FReadOnlyCVARCache
[2020.09.19-14.12.40:722][  0]LogAudioMixer: Display: Audio Mixer Platform Settings:
[2020.09.19-14.12.40:723][  0]LogAudioMixer: Display: 	Sample Rate:						  48000
[2020.09.19-14.12.40:723][  0]LogAudioMixer: Display: 	Callback Buffer Frame Size Requested: 1024
[2020.09.19-14.12.40:724][  0]LogAudioMixer: Display: 	Callback Buffer Frame Size To Use:	  1024
[2020.09.19-14.12.40:725][  0]LogAudioMixer: Display: 	Number of buffers to queue:			  2
[2020.09.19-14.12.40:725][  0]LogAudioMixer: Display: 	Max Channels (voices):				  32
[2020.09.19-14.12.40:726][  0]LogAudioMixer: Display: 	Number of Async Source Workers:		  0
[2020.09.19-14.12.40:727][  0]LogAudio: Display: AudioDevice MaxSources: 32
[2020.09.19-14.12.40:729][  0]LogAudio: Display: Using built-in audio occlusion.
[2020.09.19-14.12.40:730][  0]LogAudioMixer: Display: Initializing audio mixer.
[2020.09.19-14.12.40:775][  0]LogAudioMixer: Display: 0: FrontLeft
[2020.09.19-14.12.40:775][  0]LogAudioMixer: Display: 1: FrontRight
[2020.09.19-14.12.41:974][  0]LogAudioMixer: Display: Using Audio Device Speaker/Headphone (Realtek High Definition Audio)
[2020.09.19-14.12.41:986][  0]LogAudioMixer: Display: Initializing Sound Submixes...
[2020.09.19-14.12.41:990][  0]LogAudioMixer: Display: Creating Master Submix 'MasterSubmixDefault'
[2020.09.19-14.12.41:990][  0]LogAudioMixer: Display: Creating Master Submix 'MasterReverbSubmixDefault'
[2020.09.19-14.12.41:994][  0]LogAudioMixer: Display: Creating Master Submix 'MasterEQSubmixDefault'
[2020.09.19-14.12.41:997][  0]LogInit: FAudioDevice initialized.
[2020.09.19-14.12.42:006][  0]LogNetVersion: Set ProjectVersion to 1.0.0.0. Version Checksum will be recalculated on next use.
[2020.09.19-14.12.42:221][  0]LogDerivedDataCache: Saved boot cache 0.22s 76MB C:/Users/DW/AppData/Local/UnrealEngine/4.25/DerivedDataCache/Boot.ddc.
[2020.09.19-14.12.42:227][  0]LogInit: Texture streaming: Enabled
[2020.09.19-14.12.42:297][  0]LogSlate: Updating window title bar state: overlay mode, drag disabled, window buttons hidden, title bar hidden
[2020.09.19-14.12.42:299][  0]LogInit: Display: Game Engine Initialized.
[2020.09.19-14.12.42:301][  0]LogNiagaraEditor: Warning: GEditor isn't valid! Particle reset commands will not work for Niagara components!
[2020.09.19-14.12.42:331][  0]LogInit: Display: Starting Game.
[2020.09.19-14.12.42:331][  0]LogNet: Browse: /Game/Level/MainMenu/MainMenu?Name=Player
[2020.09.19-14.12.42:333][  0]LogLoad: LoadMap: /Game/Level/MainMenu/MainMenu?Name=Player
[2020.09.19-14.12.42:334][  0]LogWorld: BeginTearingDown for /Temp/Untitled_0
[2020.09.19-14.12.42:337][  0]LogWorld: UWorld::CleanupWorld for Untitled, bSessionEnded=true, bCleanupResources=true
[2020.09.19-14.12.42:337][  0]LogSlate: InvalidateAllWidgets triggered.  All widgets were invalidated
[2020.09.19-14.12.42:351][  0]LogUObjectHash: Compacting FUObjectHashTables data took   1.13ms
[2020.09.19-14.12.42:467][  0]LogAIModule: Creating AISystem for world MainMenu
[2020.09.19-14.12.42:467][  0]LogAISub: UAISubsystem::UAISubsystem EnvQueryManager (0000028DFC81D200), frame # 0
[2020.09.19-14.12.42:468][  0]LogAISub: UAISubsystem::UAISubsystem AIPerceptionSystem (0000028DFC8C2C00), frame # 0
[2020.09.19-14.12.42:470][  0]LogLoad: Game class is 'MainMenuGMB'
[2020.09.19-14.12.42:471][  0]LogWorld: Bringing World /Game/Level/MainMenu/MainMenu.MainMenu up for play (max tick rate 0) at 2020.09.19-15.12.42
[2020.09.19-14.12.42:473][  0]LogWorld: Bringing up level for play took: 0.001831
[2020.09.19-14.12.42:474][  0]LogGameMode: FindPlayerStart: PATHS NOT DEFINED or NO PLAYERSTART with positive rating
[2020.09.19-14.12.42:484][  0]LogLoad: Took 0.150664 seconds to LoadMap(/Game/Level/MainMenu/MainMenu)
[2020.09.19-14.12.42:521][  0]LogRenderer: Reallocating scene render targets to support 1920x1080 Format 10 NumSamples 1 (Frame:1).
[2020.09.19-14.12.42:521][  0]LogLoad: (Engine Initialization) Total time: 11.99 seconds
[2020.09.19-14.12.42:524][  0]LogLoad: (Engine Initialization) Total Blueprint compile time: 0.00 seconds
[2020.09.19-14.12.42:566][  0]LogContentStreaming: Texture pool size now 1000 MB
[2020.09.19-14.12.42:573][  0]LogSlate: InvalidateAllWidgets triggered.  All widgets were invalidated
[2020.09.19-14.13.06:248][644]LogInit: WinSock: Socket queue. Rx: 32768 (config 32768) Tx: 32768 (config 32768)
[2020.09.19-14.13.06:248][644]LogNet: Created socket for bind address: 0.0.0.0 on port 0
[2020.09.19-14.13.06:251][644]PacketHandlerLog: Loaded PacketHandler component: Engine.EngineHandlerComponentFactory (StatelessConnectHandlerComponent)
[2020.09.19-14.13.06:251][644]LogNet: Game client on port 7787, rate 10000
[2020.09.19-14.13.07:297][770]LogHandshake: SendChallengeResponse. Timestamp: 15.440421, Cookie: 176152078109098153199169195165219178073215179208189002023069
[2020.09.19-14.13.07:347][776]LogNetVersion: CoopShooter 1.0.0.0, NetCL: 13144385, EngineNetVer: 14, GameNetVer: 0 (Checksum: 2948427227)
[2020.09.19-14.13.07:405][783]LogBeacon: SOnlineBeaconClient_0[IpConnection_0] Client received: BeaconWelcome
[2020.09.19-14.13.07:454][789]LogBeacon: SOnlineBeaconClient_0[IpConnection_0] Client received: BeaconAssignGUID
[2020.09.19-14.13.07:504][795]LogNet: NotifyAcceptingChannel 2/Actor client SOnlineBeaconClient_0
[2020.09.19-14.13.07:505][795]LogNet: Client accepting Actor channel
[2020.09.19-14.13.07:508][795]LogTemp: Warning: Client connected to host beacon.
[2020.09.19-14.13.07:509][795]LogSlate: WidgetSwitcher ('None') active index changed to 1
[2020.09.19-14.16.13:930][158]LogAudio: Display: Waited 35.558903 ms for audio thread.
[2020.09.19-14.16.13:943][158]LogAudio: Display: Waited 48.651100 ms for audio thread.
[2020.09.19-14.16.45:981][440]LogAudioMixer: Display: Audio Buffer Underrun detected.
[2020.09.19-14.23.39:592][816]LogAudio: Display: Waited 37.790100 ms for audio thread.
[2020.09.19-14.23.39:619][816]LogAudio: Display: Waited 65.603500 ms for audio thread.
[2020.09.19-14.38.40:587][135]LogAudio: Display: Waited 37.359303 ms for audio thread.
[2020.09.19-14.38.40:630][135]LogAudio: Display: Waited 80.543900 ms for audio thread.
[2020.09.19-14.38.40:670][136]LogAudio: Display: Waited 36.338501 ms for audio thread.
[2020.09.19-14.38.40:683][136]LogAudio: Display: Waited 49.004498 ms for audio thread.
[2020.09.19-14.53.39:308][940]LogAudio: Display: Waited 35.571301 ms for audio thread.
[2020.09.19-14.53.39:351][940]LogAudio: Display: Waited 79.457794 ms for audio thread.
[2020.09.19-14.54.46:627][739]LogAudio: Display: Waited 35.509502 ms for audio thread.
[2020.09.19-14.54.46:644][739]LogAudio: Display: Waited 53.345699 ms for audio thread.
[2020.09.19-14.54.46:928][753]LogAudio: Display: Waited 37.632500 ms for audio thread.
[2020.09.19-14.54.46:938][753]LogAudio: Display: Waited 48.011002 ms for audio thread.
