  Using 'git status' to determine working set for adaptive non-unity build (D:\DW\Documents\GitHub\Coop-Multiplayer-Shooter).
  Building CoopShooterEditor...
  Using Visual Studio 2019 14.26.28806 toolchain (C:\Program Files (x86)\Microsoft Visual Studio\2019\Community\VC\Tools\MSVC\14.26.28801) and Windows 10.0.18362.0 SDK (C:\Program Files (x86)\Windows Kits\10).
  Distributing 4 actions to XGE
  --------------------Build System Warning---------------------------------------
  License is invalid:
      License information is invalid. Please try reloading your license file using the Coordinator Monitor application on the Coordinator machine, or reinstall IncrediBuild.
      This build will run in standalone mode.
  
  -------------------------------------------------------------------------------
  --------------------Project: Default-------------------------------------------
  STrackerBot.cpp (0:04.28 at +0:00)
  UE4Editor-CoopShooter-0068.dll (0:01.07 at +0:04)
     Creating library D:\DW\Documents\GitHub\Coop-Multiplayer-Shooter\CoopShooter\Intermediate\Build\Win64\UE4Editor\Development\CoopShooter\UE4Editor-CoopShooter-0068.suppressed.lib and object D:\DW\Documents\GitHub\Coop-Multiplayer-Shooter\CoopShooter\Intermediate\Build\Win64\UE4Editor\Development\CoopShooter\UE4Editor-CoopShooter-0068.suppressed.exp
  UE4Editor-CoopShooter-0068.lib (0:00.21 at +0:05)
     Creating library D:\DW\Documents\GitHub\Coop-Multiplayer-Shooter\CoopShooter\Intermediate\Build\Win64\UE4Editor\Development\CoopShooter\UE4Editor-CoopShooter-0068.lib and object D:\DW\Documents\GitHub\Coop-Multiplayer-Shooter\CoopShooter\Intermediate\Build\Win64\UE4Editor\Development\CoopShooter\UE4Editor-CoopShooter-0068.exp
  CoopShooterEditor.target (0:00.48 at +0:05)
  ---------------------- Done ----------------------
  
      Rebuild All: 1 succeeded, 0 failed, 0 skipped
  
  1 build system warning(s):
     - License is invalid
  
  Total time in XGE executor: 6.34 seconds
  Total execution time: 7.55 seconds
